<?xml version="1.0" encoding="UTF-8"?>
<!-- Generated by org.testng.reporters.JUnitReportReporter -->
<testsuite hostname="MAHANTESH-PC" name="demo.TestNGPriorityDemo" tests="3" failures="0" timestamp="27 Dec 2019 09:31:10 GMT" time="0.013" errors="0">
  <testcase name="test1" time="0.001" classname="demo.TestNGPriorityDemo"/>
  <testcase name="test2" time="0.001" classname="demo.TestNGPriorityDemo"/>
  <testcase name="test3" time="0.011" classname="demo.TestNGPriorityDemo"/>
</testsuite> <!-- demo.TestNGPriorityDemo -->
