<?xml version="1.0" encoding="UTF-8"?>
<!-- Generated by org.testng.reporters.JUnitReportReporter -->
<testsuite hostname="MAHANTESH-PC" name="demo3.TestNGDependency" tests="3" failures="0" timestamp="27 Dec 2019 15:51:58 GMT" time="0.010" errors="0">
  <testcase name="test3" time="0.001" classname="demo3.TestNGDependency"/>
  <testcase name="test1" time="0.000" classname="demo3.TestNGDependency"/>
  <testcase name="test2" time="0.009" classname="demo3.TestNGDependency"/>
</testsuite> <!-- demo3.TestNGDependency -->
