<?xml version="1.0" encoding="UTF-8"?>
<!-- Generated by org.testng.reporters.JUnitReportReporter -->
<testsuite hostname="MAHANTESH-PC" name="demo3.TestNGIgnore" tests="2" failures="0" timestamp="27 Dec 2019 16:18:46 GMT" time="0.026" errors="0">
  <testcase name="test2" time="0.002" classname="demo3.TestNGIgnore"/>
  <testcase name="test1" time="0.024" classname="demo3.TestNGIgnore"/>
</testsuite> <!-- demo3.TestNGIgnore -->
