<?xml version="1.0" encoding="UTF-8"?>
<!-- Generated by org.testng.reporters.JUnitReportReporter -->
<testsuite hostname="MAHANTESH-PC" name="demo3.TestNGGroups" tests="4" failures="0" timestamp="27 Dec 2019 15:50:00 GMT" time="0.014" errors="0">
  <testcase name="test4" time="0.001" classname="demo3.TestNGGroups"/>
  <testcase name="test3" time="0.001" classname="demo3.TestNGGroups"/>
  <testcase name="test1" time="0.011" classname="demo3.TestNGGroups"/>
  <testcase name="test2" time="0.001" classname="demo3.TestNGGroups"/>
</testsuite> <!-- demo3.TestNGGroups -->
