<?xml version="1.0" encoding="UTF-8"?>
<!-- Generated by org.testng.reporters.JUnitReportReporter -->
<testsuite hostname="MAHANTESH-PC" name="testngex1.TestNGexample1" tests="3" failures="0" timestamp="26 Dec 2019 13:32:00 GMT" time="0.019" errors="0">
  <testcase name="checkOut" time="0.002" classname="testngex1.TestNGexample1"/>
  <testcase name="LoginApplication" time="0.017" classname="testngex1.TestNGexample1"/>
  <testcase name="selectItems" time="0.000" classname="testngex1.TestNGexample1"/>
</testsuite> <!-- testngex1.TestNGexample1 -->
